2021-06-28 22:08:40.238  INFO 21868 --- [main] com.example.demo.DemoApplicationTests    : Starting DemoApplicationTests on PXY with PID 21868 (started by ≈ÀœË”Ó in H:\git\PartTimeJobSystem)
2021-06-28 22:08:40.246 DEBUG 21868 --- [main] com.example.demo.DemoApplicationTests    : Running with Spring Boot v2.0.5.RELEASE, Spring v5.0.9.RELEASE
2021-06-28 22:08:40.262  INFO 21868 --- [main] com.example.demo.DemoApplicationTests    : The following profiles are active: dev
2021-06-28 22:08:40.397  INFO 21868 --- [main] o.s.w.c.s.GenericWebApplicationContext   : Refreshing org.springframework.web.context.support.GenericWebApplicationContext@5db4c359: startup date [Mon Jun 28 22:08:40 CST 2021]; root of context hierarchy
2021-06-28 22:08:43.043  INFO 21868 --- [main] trationDelegate$BeanPostProcessorChecker : Bean 'org.springframework.transaction.annotation.ProxyTransactionManagementConfiguration' of type [org.springframework.transaction.annotation.ProxyTransactionManagementConfiguration$$EnhancerBySpringCGLIB$$137c4ab9] is not eligible for getting processed by all BeanPostProcessors (for example: not eligible for auto-proxying)
2021-06-28 22:08:44.333  INFO 21868 --- [main] s.w.s.m.m.a.RequestMappingHandlerMapping : Mapped "{[/message/set-message-read/{id}],methods=[GET]}" onto com.example.result.ResponseData com.example.community.MessageController.setMessageRead(int)
2021-06-28 22:08:44.336  INFO 21868 --- [main] s.w.s.m.m.a.RequestMappingHandlerMapping : Mapped "{[/message/get-by-sid/{sid}],methods=[GET]}" onto com.example.result.ResponseData com.example.community.MessageController.getBySid(int)
2021-06-28 22:08:44.337  INFO 21868 --- [main] s.w.s.m.m.a.RequestMappingHandlerMapping : Mapped "{[/message/add-message],methods=[POST]}" onto com.example.result.ResponseData com.example.community.MessageController.addMessage(com.example.community.Message)
2021-06-28 22:08:44.340  INFO 21868 --- [main] s.w.s.m.m.a.RequestMappingHandlerMapping : Mapped "{[/post/add-job-comment],methods=[POST]}" onto public com.example.result.ResponseData com.example.community.PostController.addJobComment(com.example.community.JobComment)
2021-06-28 22:08:44.341  INFO 21868 --- [main] s.w.s.m.m.a.RequestMappingHandlerMapping : Mapped "{[/post/get],methods=[GET]}" onto public com.example.result.ResponseData com.example.community.PostController.getPosts()
2021-06-28 22:08:44.342  INFO 21868 --- [main] s.w.s.m.m.a.RequestMappingHandlerMapping : Mapped "{[/post/get-comment/{pid}],methods=[GET]}" onto public com.example.result.ResponseData com.example.community.PostController.getComments(java.lang.Integer)
2021-06-28 22:08:44.343  INFO 21868 --- [main] s.w.s.m.m.a.RequestMappingHandlerMapping : Mapped "{[/post/get-job-comment/{busid}],methods=[GET]}" onto public com.example.result.ResponseData com.example.community.PostController.getJobComments(java.lang.String)
2021-06-28 22:08:44.344  INFO 21868 --- [main] s.w.s.m.m.a.RequestMappingHandlerMapping : Mapped "{[/post/add],methods=[POST]}" onto public com.example.result.ResponseData com.example.community.PostController.addPost(com.example.community.Post)
2021-06-28 22:08:44.345  INFO 21868 --- [main] s.w.s.m.m.a.RequestMappingHandlerMapping : Mapped "{[/post/add-post-comment],methods=[POST]}" onto public com.example.result.ResponseData com.example.community.PostController.addPostComment(com.example.community.Comment)
2021-06-28 22:08:44.347  INFO 21868 --- [main] s.w.s.m.m.a.RequestMappingHandlerMapping : Mapped "{[/billCase],methods=[GET]}" onto public double com.example.excise.handler.BillScriptController.billCase(int,int)
2021-06-28 22:08:44.348  INFO 21868 --- [main] s.w.s.m.m.a.RequestMappingHandlerMapping : Mapped "{[/billCases],methods=[POST]}" onto public java.util.Map<java.lang.String, java.lang.String> com.example.excise.handler.BillScriptController.billCases(org.springframework.web.multipart.MultipartFile)
2021-06-28 22:08:44.350  INFO 21868 --- [main] s.w.s.m.m.a.RequestMappingHandlerMapping : Mapped "{[/commissionCases],methods=[POST]}" onto public java.util.Map<java.lang.String, java.lang.String> com.example.excise.handler.CommissionScriptController.commissionCases(org.springframework.web.multipart.MultipartFile)
2021-06-28 22:08:44.351  INFO 21868 --- [main] s.w.s.m.m.a.RequestMappingHandlerMapping : Mapped "{[/commissionCase],methods=[GET]}" onto public double com.example.excise.handler.CommissionScriptController.commissionCase(int,int,int)
2021-06-28 22:08:44.352  INFO 21868 --- [main] s.w.s.m.m.a.RequestMappingHandlerMapping : Mapped "{[/getSolution],methods=[GET]}" onto public java.util.Map<java.lang.String, java.lang.Object> com.example.excise.handler.GetSolution.getName(java.lang.String)
2021-06-28 22:08:44.353  INFO 21868 --- [main] s.w.s.m.m.a.RequestMappingHandlerMapping : Mapped "{[/nextDateCase],methods=[GET]}" onto public java.lang.String com.example.excise.handler.NextDateScriptController.nextDateCase(int,int,int)
2021-06-28 22:08:44.354  INFO 21868 --- [main] s.w.s.m.m.a.RequestMappingHandlerMapping : Mapped "{[/nextDateCases],methods=[POST]}" onto public java.util.Map<java.lang.String, java.lang.String> com.example.excise.handler.NextDateScriptController.nextDateCases(org.springframework.web.multipart.MultipartFile)
2021-06-28 22:08:44.355  INFO 21868 --- [main] s.w.s.m.m.a.RequestMappingHandlerMapping : Mapped "{[/triangleTypeCase],methods=[GET]}" onto public java.util.Map<java.lang.String, java.lang.String> com.example.excise.handler.TriangleTypeScriptController.triangleTypeCase(double,double,double)
2021-06-28 22:08:44.355  INFO 21868 --- [main] s.w.s.m.m.a.RequestMappingHandlerMapping : Mapped "{[/triangleTypeCases],methods=[POST]}" onto public java.util.Map<java.lang.String, java.lang.String> com.example.excise.handler.TriangleTypeScriptController.triangleTypeCases(org.springframework.web.multipart.MultipartFile)
2021-06-28 22:08:44.356  INFO 21868 --- [main] s.w.s.m.m.a.RequestMappingHandlerMapping : Mapped "{[/analyseTagsIntegration/analyseTagsTest],methods=[GET]}" onto public java.util.Map<java.lang.Object, java.lang.Object> com.example.integrationtest.AnalyseTagsIntegrationDriver.insertMessageTest()
2021-06-28 22:08:44.357  INFO 21868 --- [main] s.w.s.m.m.a.RequestMappingHandlerMapping : Mapped "{[/insertMessageIntegration/insertMessageTest],methods=[GET]}" onto public java.util.Map<java.lang.Object, java.lang.Object> com.example.integrationtest.InsertMessageIntegrationDriver.insertMessageTest()
2021-06-28 22:08:44.358  INFO 21868 --- [main] s.w.s.m.m.a.RequestMappingHandlerMapping : Mapped "{[/searchByTagsIntegration/searchByTags],methods=[GET]}" onto public java.util.Map<java.lang.Object, java.lang.Object> com.example.integrationtest.SearchByTagsIntegrationDriver.searchByTagsTest()
2021-06-28 22:08:44.360  INFO 21868 --- [main] s.w.s.m.m.a.RequestMappingHandlerMapping : Mapped "{[/interest/{sid}],methods=[GET]}" onto public com.example.result.ResponseData com.example.Interest.InterestController.getStuInterest(int)
2021-06-28 22:08:44.361  INFO 21868 --- [main] s.w.s.m.m.a.RequestMappingHandlerMapping : Mapped "{[/interest/add],methods=[POST]}" onto public com.example.result.ResponseData com.example.Interest.InterestController.addInterest(com.example.Interest.Interest)
2021-06-28 22:08:44.361  INFO 21868 --- [main] s.w.s.m.m.a.RequestMappingHandlerMapping : Mapped "{[/interest/delete],methods=[POST]}" onto public com.example.result.ResponseData com.example.Interest.InterestController.deleteInterest(int,java.lang.String)
2021-06-28 22:08:44.369  INFO 21868 --- [main] s.w.s.m.m.a.RequestMappingHandlerMapping : Mapped "{[/job/get-jobs-sorted-by-tags],methods=[POST]}" onto public com.example.result.ResponseData com.example.jobmanager.JobController.getJobsSortedByTags(javax.servlet.http.HttpServletRequest)
2021-06-28 22:08:44.370  INFO 21868 --- [main] s.w.s.m.m.a.RequestMappingHandlerMapping : Mapped "{[/job/uploadExcel],methods=[POST]}" onto public com.example.result.ResponseData com.example.jobmanager.JobController.uploadExcel(org.springframework.web.multipart.MultipartFile) throws java.io.IOException
2021-06-28 22:08:44.370  INFO 21868 --- [main] s.w.s.m.m.a.RequestMappingHandlerMapping : Mapped "{[/job/delete/{busid}],methods=[GET]}" onto public com.example.result.ResponseData com.example.jobmanager.JobController.deleteJob(java.lang.String)
2021-06-28 22:08:44.370  INFO 21868 --- [main] s.w.s.m.m.a.RequestMappingHandlerMapping : Mapped "{[/job/job-for-stu/{busid}/{sid}],methods=[GET]}" onto public com.example.result.ResponseData com.example.jobmanager.JobController.jobForStu(java.lang.String,java.lang.Integer)
2021-06-28 22:08:44.373  INFO 21868 --- [main] s.w.s.m.m.a.RequestMappingHandlerMapping : Mapped "{[/job/],methods=[GET]}" onto public com.example.result.ResponseData com.example.jobmanager.JobController.getAllJob()
2021-06-28 22:08:44.373  INFO 21868 --- [main] s.w.s.m.m.a.RequestMappingHandlerMapping : Mapped "{[/job/getdetial/{busid}],methods=[GET]}" onto public com.example.result.ResponseData com.example.jobmanager.JobController.getJobById(java.lang.String)
2021-06-28 22:08:44.374  INFO 21868 --- [main] s.w.s.m.m.a.RequestMappingHandlerMapping : Mapped "{[/job/search/{title}],methods=[GET]}" onto public com.example.result.ResponseData com.example.jobmanager.JobController.getJobByTitle(java.lang.String)
2021-06-28 22:08:44.374  INFO 21868 --- [main] s.w.s.m.m.a.RequestMappingHandlerMapping : Mapped "{[/job/update],methods=[POST]}" onto public com.example.result.ResponseData com.example.jobmanager.JobController.updateJob(com.example.jobmanager.Job)
2021-06-28 22:08:44.375  INFO 21868 --- [main] s.w.s.m.m.a.RequestMappingHandlerMapping : Mapped "{[/job/details],methods=[GET]}" onto public com.example.result.ResponseData com.example.jobmanager.JobController.getAllJobDetails(java.lang.Integer,java.lang.String)
2021-06-28 22:08:44.375  INFO 21868 --- [main] s.w.s.m.m.a.RequestMappingHandlerMapping : Mapped "{[/job/add],methods=[POST]}" onto public com.example.result.ResponseData com.example.jobmanager.JobController.addJob(com.example.jobmanager.Job)
2021-06-28 22:08:44.379  INFO 21868 --- [main] s.w.s.m.m.a.RequestMappingHandlerMapping : Mapped "{[/StuCoJob/search-stu/{busid}],methods=[POST]}" onto public com.example.result.ResponseData com.example.jobmanager.StudentCoJobController.searchStudentsOfJob(java.lang.String)
2021-06-28 22:08:44.380  INFO 21868 --- [main] s.w.s.m.m.a.RequestMappingHandlerMapping : Mapped "{[/StuCoJob/search/{sid}/{state}],methods=[POST]}" onto public com.example.result.ResponseData com.example.jobmanager.StudentCoJobController.searchJobsOfStudent(int,int)
2021-06-28 22:08:44.380  INFO 21868 --- [main] s.w.s.m.m.a.RequestMappingHandlerMapping : Mapped "{[/StuCoJob/update],methods=[POST]}" onto public com.example.result.ResponseData com.example.jobmanager.StudentCoJobController.updateJob(com.example.jobmanager.Studentcojob)
2021-06-28 22:08:44.380  INFO 21868 --- [main] s.w.s.m.m.a.RequestMappingHandlerMapping : Mapped "{[/StuCoJob/add],methods=[POST]}" onto public com.example.result.ResponseData com.example.jobmanager.StudentCoJobController.addJob(com.example.jobmanager.Studentcojob)
2021-06-28 22:08:44.382  INFO 21868 --- [main] s.w.s.m.m.a.RequestMappingHandlerMapping : Mapped "{[/student-manager/get-info/{openid}],methods=[POST]}" onto public com.example.result.ResponseData com.example.jobmanager.StudentController.getInfo(java.lang.String)
2021-06-28 22:08:44.382  INFO 21868 --- [main] s.w.s.m.m.a.RequestMappingHandlerMapping : Mapped "{[/student-manager/update-student],methods=[POST]}" onto public com.example.result.ResponseData com.example.jobmanager.StudentController.updateStudent(com.example.student.Student)
2021-06-28 22:08:44.383  INFO 21868 --- [main] s.w.s.m.m.a.RequestMappingHandlerMapping : Mapped "{[/student-manager/isuser/{openid}],methods=[POST]}" onto public com.example.result.ResponseData com.example.jobmanager.StudentController.isUser(java.lang.String)
2021-06-28 22:08:44.383  INFO 21868 --- [main] s.w.s.m.m.a.RequestMappingHandlerMapping : Mapped "{[/student-manager/add-student],methods=[POST]}" onto public com.example.result.ResponseData com.example.jobmanager.StudentController.addStudent(com.example.student.Student)
2021-06-28 22:08:44.384  INFO 21868 --- [main] s.w.s.m.m.a.RequestMappingHandlerMapping : Mapped "{[/analyse-tags/{sid}],methods=[GET]}" onto public com.example.result.ResponseData com.example.recommendjob.AnalyseTagsController.AnalyseTags(int)
2021-06-28 22:08:44.386  INFO 21868 --- [main] s.w.s.m.m.a.RequestMappingHandlerMapping : Mapped "{[/analyseTags/getResult],methods=[GET]}" onto public java.util.Map<java.lang.String, java.lang.Object> com.example.unitest.AnalyseTagsDriver.getResult(java.lang.String)
2021-06-28 22:08:44.386  INFO 21868 --- [main] s.w.s.m.m.a.RequestMappingHandlerMapping : Mapped "{[/analyseTags/singleTest],methods=[GET]}" onto public java.lang.String com.example.unitest.AnalyseTagsDriver.singleTest(int)
2021-06-28 22:08:44.388  INFO 21868 --- [main] s.w.s.m.m.a.RequestMappingHandlerMapping : Mapped "{[/jobForStu/getResult],methods=[GET]}" onto public java.util.Map<java.lang.String, java.lang.Object> com.example.unitest.JobForStuDriver.getResult(java.lang.String)
2021-06-28 22:08:44.390  INFO 21868 --- [main] s.w.s.m.m.a.RequestMappingHandlerMapping : Mapped "{[/jobForStu/singleTest],methods=[GET]}" onto public java.lang.String com.example.unitest.JobForStuDriver.singleTest(java.lang.String,int)
2021-06-28 22:08:44.391  INFO 21868 --- [main] s.w.s.m.m.a.RequestMappingHandlerMapping : Mapped "{[/getUnit],methods=[GET]}" onto public java.util.Map<java.lang.String, java.lang.Object> com.example.unitest.UnitTestUtil.getUnit(java.lang.String)
2021-06-28 22:08:44.392  INFO 21868 --- [main] s.w.s.m.m.a.RequestMappingHandlerMapping : Mapped "{[/updateStuCoJob/getResult],methods=[GET]}" onto public java.util.Map<java.lang.String, java.lang.Object> com.example.unitest.UpdateStuCoJobDriver.getResult(java.lang.String)
2021-06-28 22:08:44.393  INFO 21868 --- [main] s.w.s.m.m.a.RequestMappingHandlerMapping : Mapped "{[/updateStuCoJob/singleTest],methods=[GET]}" onto public java.util.Map<java.lang.String, java.lang.String> com.example.unitest.UpdateStuCoJobDriver.singleTest(int,int)
2021-06-28 22:08:44.398  INFO 21868 --- [main] s.w.s.m.m.a.RequestMappingHandlerMapping : Mapped "{[/swagger-resources/configuration/security]}" onto public org.springframework.http.ResponseEntity<springfox.documentation.swagger.web.SecurityConfiguration> springfox.documentation.swagger.web.ApiResourceController.securityConfiguration()
2021-06-28 22:08:44.399  INFO 21868 --- [main] s.w.s.m.m.a.RequestMappingHandlerMapping : Mapped "{[/swagger-resources/configuration/ui]}" onto public org.springframework.http.ResponseEntity<springfox.documentation.swagger.web.UiConfiguration> springfox.documentation.swagger.web.ApiResourceController.uiConfiguration()
2021-06-28 22:08:44.400  INFO 21868 --- [main] s.w.s.m.m.a.RequestMappingHandlerMapping : Mapped "{[/swagger-resources]}" onto public org.springframework.http.ResponseEntity<java.util.List<springfox.documentation.swagger.web.SwaggerResource>> springfox.documentation.swagger.web.ApiResourceController.swaggerResources()
2021-06-28 22:08:44.415  INFO 21868 --- [main] s.w.s.m.m.a.RequestMappingHandlerMapping : Mapped "{[/v2/api-docs-ext],methods=[GET],produces=[application/json || application/hal+json]}" onto public org.springframework.http.ResponseEntity<springfox.documentation.spring.web.json.Json> com.github.xiaoymin.swaggerbootstrapui.web.SwaggerBootstrapUiController.apiSorts(java.lang.String,javax.servlet.http.HttpServletRequest)
2021-06-28 22:08:44.416  INFO 21868 --- [main] s.w.s.m.m.a.RequestMappingHandlerMapping : Mapped "{[/swagger-resources-ext]}" onto public org.springframework.http.ResponseEntity<java.util.List<com.github.xiaoymin.swaggerbootstrapui.model.SwaggerResourceExt>> com.github.xiaoymin.swaggerbootstrapui.web.SwaggerBootstrapUiResourceExtController.swaggerResources()
2021-06-28 22:08:44.422  INFO 21868 --- [main] s.w.s.m.m.a.RequestMappingHandlerMapping : Mapped "{[/error]}" onto public org.springframework.http.ResponseEntity<java.util.Map<java.lang.String, java.lang.Object>> org.springframework.boot.autoconfigure.web.servlet.error.BasicErrorController.error(javax.servlet.http.HttpServletRequest)
2021-06-28 22:08:44.423  INFO 21868 --- [main] s.w.s.m.m.a.RequestMappingHandlerMapping : Mapped "{[/error],produces=[text/html]}" onto public org.springframework.web.servlet.ModelAndView org.springframework.boot.autoconfigure.web.servlet.error.BasicErrorController.errorHtml(javax.servlet.http.HttpServletRequest,javax.servlet.http.HttpServletResponse)
2021-06-28 22:08:44.708  INFO 21868 --- [main] pertySourcedRequestMappingHandlerMapping : Mapped URL path [/v2/api-docs] onto method [public org.springframework.http.ResponseEntity<springfox.documentation.spring.web.json.Json> springfox.documentation.swagger2.web.Swagger2Controller.getDocumentation(java.lang.String,javax.servlet.http.HttpServletRequest)]
2021-06-28 22:08:44.796  INFO 21868 --- [main] o.s.w.s.handler.SimpleUrlHandlerMapping  : Mapped URL path [/**] onto handler of type [class org.springframework.web.servlet.resource.ResourceHttpRequestHandler]
2021-06-28 22:08:44.796  INFO 21868 --- [main] o.s.w.s.handler.SimpleUrlHandlerMapping  : Mapped URL path [/doc.html] onto handler of type [class org.springframework.web.servlet.resource.ResourceHttpRequestHandler]
2021-06-28 22:08:44.796  INFO 21868 --- [main] o.s.w.s.handler.SimpleUrlHandlerMapping  : Mapped URL path [/webjars/**] onto handler of type [class org.springframework.web.servlet.resource.ResourceHttpRequestHandler]
2021-06-28 22:08:44.899  INFO 21868 --- [main] s.w.s.m.m.a.RequestMappingHandlerAdapter : Looking for @ControllerAdvice: org.springframework.web.context.support.GenericWebApplicationContext@5db4c359: startup date [Mon Jun 28 22:08:40 CST 2021]; root of context hierarchy
2021-06-28 22:08:45.612  INFO 21868 --- [main] o.s.c.support.DefaultLifecycleProcessor  : Starting beans in phase 2147483647
2021-06-28 22:08:45.612  INFO 21868 --- [main] d.s.w.p.DocumentationPluginsBootstrapper : Context refreshed
2021-06-28 22:08:45.638  INFO 21868 --- [main] d.s.w.p.DocumentationPluginsBootstrapper : Found 1 custom documentation plugin(s)
2021-06-28 22:08:45.681  INFO 21868 --- [main] s.d.s.w.s.ApiListingReferenceScanner     : Scanning for api listing references
2021-06-28 22:08:45.966  INFO 21868 --- [main] .d.s.w.r.o.CachingOperationNameGenerator : Generating unique operation named: insertMessageTestUsingGET_1
2021-06-28 22:08:46.018  INFO 21868 --- [main] .d.s.w.r.o.CachingOperationNameGenerator : Generating unique operation named: getResultUsingGET_1
2021-06-28 22:08:46.021  INFO 21868 --- [main] .d.s.w.r.o.CachingOperationNameGenerator : Generating unique operation named: singleTestUsingGET_1
2021-06-28 22:08:46.071  INFO 21868 --- [main] .d.s.w.r.o.CachingOperationNameGenerator : Generating unique operation named: addJobUsingPOST_1
2021-06-28 22:08:46.079  INFO 21868 --- [main] .d.s.w.r.o.CachingOperationNameGenerator : Generating unique operation named: updateJobUsingPOST_1
2021-06-28 22:08:46.107  INFO 21868 --- [main] .d.s.w.r.o.CachingOperationNameGenerator : Generating unique operation named: getResultUsingGET_2
2021-06-28 22:08:46.111  INFO 21868 --- [main] .d.s.w.r.o.CachingOperationNameGenerator : Generating unique operation named: singleTestUsingGET_2
2021-06-28 22:08:46.134  INFO 21868 --- [main] com.example.demo.DemoApplicationTests    : Started DemoApplicationTests in 6.563 seconds (JVM running for 8.323)
2021-06-28 22:08:46.397  INFO 21868 --- [Thread-1] o.s.w.c.s.GenericWebApplicationContext   : Closing org.springframework.web.context.support.GenericWebApplicationContext@5db4c359: startup date [Mon Jun 28 22:08:40 CST 2021]; root of context hierarchy
2021-06-28 22:08:46.402  INFO 21868 --- [Thread-1] o.s.c.support.DefaultLifecycleProcessor  : Stopping beans in phase 2147483647
